<?xml version="1.0" encoding="UTF-8"?>
<robot generator="Robot 3.2.2 (Python 3.9.0 on darwin)" generated="20201115 00:25:33.201" rpa="false">
<suite id="s1" name="Valid Login" source="/Users/MingJu/Desktop/flaskrrr-and-tests/loginApp/tests/valid_login.robot">
<test id="s1-t1" name="ValidLoginTest">
<kw name="Open Browser To Login Page" library="resource">
<kw name="Open Browser" library="SeleniumLibrary">
<doc>Opens a new browser instance to the optional ``url``.</doc>
<arguments>
<arg>${LOGIN URL}</arg>
<arg>${BROWSER}</arg>
</arguments>
<msg timestamp="20201115 00:25:33.430" level="INFO">Opening browser 'chrome' to base url 'http://127.0.0.1:5000/'.</msg>
<status status="PASS" starttime="20201115 00:25:33.430" endtime="20201115 00:25:36.346"></status>
</kw>
<status status="PASS" starttime="20201115 00:25:33.429" endtime="20201115 00:25:36.347"></status>
</kw>
<kw name="Input Text" library="SeleniumLibrary">
<doc>Types the given ``text`` into the text field identified by ``locator``.</doc>
<arguments>
<arg>id=user</arg>
<arg>${VALID USER}</arg>
</arguments>
<msg timestamp="20201115 00:25:36.349" level="INFO">Typing text 'admin' into text field 'id=user'.</msg>
<status status="PASS" starttime="20201115 00:25:36.348" endtime="20201115 00:25:36.527"></status>
</kw>
<kw name="Input Text" library="SeleniumLibrary">
<doc>Types the given ``text`` into the text field identified by ``locator``.</doc>
<arguments>
<arg>id=pwd</arg>
<arg>${VALID PASSWORD}</arg>
</arguments>
<msg timestamp="20201115 00:25:36.529" level="INFO">Typing text 'admin' into text field 'id=pwd'.</msg>
<status status="PASS" starttime="20201115 00:25:36.528" endtime="20201115 00:25:36.627"></status>
</kw>
<kw name="Click Button" library="SeleniumLibrary">
<doc>Clicks the button identified by ``locator``.</doc>
<arguments>
<arg>id=login-btn</arg>
</arguments>
<msg timestamp="20201115 00:25:36.628" level="INFO">Clicking button 'id=login-btn'.</msg>
<status status="PASS" starttime="20201115 00:25:36.627" endtime="20201115 00:25:36.704"></status>
</kw>
<kw name="Log" library="BuiltIn">
<doc>Logs the given message with the given level.</doc>
<arguments>
<arg>Test completed</arg>
</arguments>
<msg timestamp="20201115 00:25:36.705" level="INFO">Test completed</msg>
<status status="PASS" starttime="20201115 00:25:36.705" endtime="20201115 00:25:36.706"></status>
</kw>
<status status="PASS" starttime="20201115 00:25:33.428" endtime="20201115 00:25:36.706" critical="yes"></status>
</test>
<doc>A test suite with a single test for valid login.

This test has a workflow that is created using keywords in
the imported resource file.</doc>
<status status="PASS" starttime="20201115 00:25:33.203" endtime="20201115 00:25:36.708"></status>
</suite>
<statistics>
<total>
<stat pass="1" fail="0">Critical Tests</stat>
<stat pass="1" fail="0">All Tests</stat>
</total>
<tag>
</tag>
<suite>
<stat pass="1" fail="0" id="s1" name="Valid Login">Valid Login</stat>
</suite>
</statistics>
<errors>
</errors>
</robot>
