<?xml version="1.0" encoding="UTF-8"?>
<robot generator="Robot 3.2.2 (Python 3.9.0 on darwin)" generated="20201116 02:34:47.724" rpa="false">
<suite id="s1" name="Empty Login" source="/Users/MingJu/Desktop/flaskrrr-and-tests/loginApp/tests/empty_login.robot">
<test id="s1-t1" name="EmptyLoginTest">
<kw name="Open Browser To Login Page" library="resource">
<kw name="Open Browser" library="SeleniumLibrary">
<doc>Opens a new browser instance to the optional ``url``.</doc>
<arguments>
<arg>${LOGIN URL}</arg>
<arg>${BROWSER}</arg>
</arguments>
<msg timestamp="20201116 02:34:47.905" level="INFO">Opening browser 'chrome' to base url 'http://127.0.0.1:5000/'.</msg>
<status status="PASS" starttime="20201116 02:34:47.905" endtime="20201116 02:34:55.121"></status>
</kw>
<status status="PASS" starttime="20201116 02:34:47.904" endtime="20201116 02:34:55.122"></status>
</kw>
<kw name="Click Button" library="SeleniumLibrary">
<doc>Clicks the button identified by ``locator``.</doc>
<arguments>
<arg>id=login-btn</arg>
</arguments>
<msg timestamp="20201116 02:34:55.124" level="INFO">Clicking button 'id=login-btn'.</msg>
<status status="PASS" starttime="20201116 02:34:55.123" endtime="20201116 02:34:55.202"></status>
</kw>
<kw name="Log" library="BuiltIn">
<doc>Logs the given message with the given level.</doc>
<arguments>
<arg>Test completed</arg>
</arguments>
<msg timestamp="20201116 02:34:55.204" level="INFO">Test completed</msg>
<status status="PASS" starttime="20201116 02:34:55.204" endtime="20201116 02:34:55.204"></status>
</kw>
<status status="PASS" starttime="20201116 02:34:47.903" endtime="20201116 02:34:55.204" critical="yes"></status>
</test>
<doc>A test suite with a single test for empty input.

This test has a workflow that is created using keywords in
the imported resource file.</doc>
<status status="PASS" starttime="20201116 02:34:47.726" endtime="20201116 02:34:55.205"></status>
</suite>
<statistics>
<total>
<stat pass="1" fail="0">Critical Tests</stat>
<stat pass="1" fail="0">All Tests</stat>
</total>
<tag>
</tag>
<suite>
<stat pass="1" fail="0" id="s1" name="Empty Login">Empty Login</stat>
</suite>
</statistics>
<errors>
</errors>
</robot>
