<?xml version="1.0" encoding="UTF-8"?>
<robot generator="Robot 3.2.2 (Python 3.9.0 on darwin)" generated="20201114 17:24:05.883" rpa="false">
<suite id="s1" name="Test Ui" source="/Users/MingJu/Desktop/loginApp/tests/test_ui.robot">
<test id="s1-t1" name="MyFirstTest">
<kw name="Log" library="BuiltIn">
<doc>Logs the given message with the given level.</doc>
<arguments>
<arg>Hello World ...</arg>
</arguments>
<msg timestamp="20201114 17:24:05.923" level="INFO">Hello World ...</msg>
<status status="PASS" starttime="20201114 17:24:05.923" endtime="20201114 17:24:05.923"></status>
</kw>
<status status="PASS" starttime="20201114 17:24:05.922" endtime="20201114 17:24:05.924" critical="yes"></status>
</test>
<status status="PASS" starttime="20201114 17:24:05.887" endtime="20201114 17:24:05.924"></status>
</suite>
<statistics>
<total>
<stat pass="1" fail="0">Critical Tests</stat>
<stat pass="1" fail="0">All Tests</stat>
</total>
<tag>
</tag>
<suite>
<stat pass="1" fail="0" id="s1" name="Test Ui">Test Ui</stat>
</suite>
</statistics>
<errors>
</errors>
</robot>
